<?xml version="1.0" encoding="UTF-8"?>
<!-- Generated by org.testng.reporters.JUnitReportReporter -->
<testsuite hostname="DESKTOP-GDMMUF9" failures="0" tests="2" name="com.Fugare.MakeMeShope.Login_Test" time="4.896" errors="0" timestamp="2024-08-03T03:05:57 GMT-07:00" skipped="0">
  <testcase classname="com.Fugare.MakeMeShope.Login_Test" name="dashboardTitle" time="0.727"/>
  <system-out/>
  <testcase classname="com.Fugare.MakeMeShope.Login_Test" name="LoginTest" time="4.169"/>
  <system-out/>
</testsuite> <!-- com.Fugare.MakeMeShope.Login_Test -->
