<?xml version="1.0" encoding="UTF-8"?>
<!-- Generated by org.testng.reporters.JUnitReportReporter -->
<testsuite hostname="DESKTOP-GDMMUF9" failures="0" tests="1" name="com.Fugare.MakeMeShope.Register_Test" time="9.078" errors="0" timestamp="2024-07-28T12:20:55 GMT-07:00" skipped="0">
  <testcase classname="com.Fugare.MakeMeShope.Register_Test" name="Register_Test" time="9.078"/>
  <system-out/>
</testsuite> <!-- com.Fugare.MakeMeShope.Register_Test -->
