<?xml version="1.0" encoding="UTF-8"?>
<!-- Generated by org.testng.reporters.JUnitReportReporter -->
<testsuite hostname="DESKTOP-GDMMUF9" failures="0" tests="1" name="com.Fugare.MakeMeShope.UpladFile" time="5.055" errors="0" timestamp="2024-08-03T03:05:57 GMT-07:00" skipped="0">
  <testcase classname="com.Fugare.MakeMeShope.UpladFile" name="uploadflie" time="5.055"/>
  <system-out/>
</testsuite> <!-- com.Fugare.MakeMeShope.UpladFile -->
